<?xml version="1.0" encoding="UTF-8"?>
<!-- Generated by org.testng.reporters.JUnitReportReporter -->
<testsuite hostname="PSRR" failures="0" tests="1" name="driverfactory.driverscripts" time="15.262" errors="0" timestamp="2023-09-24T18:08:49 IST" skipped="0">
  <testcase classname="driverfactory.driverscripts" name="startTest" time="15.262">
    <system-out>
      <![CDATA[no of rows are:::10
login sucesses:::dashboard http://orangehrm.qedgetech.com/symfony/web/index.php/dashboard
login failed:::dashboard http://orangehrm.qedgetech.com/symfony/web/index.php/auth/validateCredentials
login failed:::dashboard http://orangehrm.qedgetech.com/symfony/web/index.php/auth/validateCredentials
login failed:::dashboard http://orangehrm.qedgetech.com/symfony/web/index.php/auth/login
login sucesses:::dashboard http://orangehrm.qedgetech.com/symfony/web/index.php/dashboard
login failed:::dashboard http://orangehrm.qedgetech.com/symfony/web/index.php/auth/login
login sucesses:::dashboard http://orangehrm.qedgetech.com/symfony/web/index.php/dashboard
login failed:::dashboard http://orangehrm.qedgetech.com/symfony/web/index.php/auth/login
login failed:::dashboard http://orangehrm.qedgetech.com/symfony/web/index.php/auth/validateCredentials
login sucesses:::dashboard http://orangehrm.qedgetech.com/symfony/web/index.php/dashboard]]>
    </system-out>
  </testcase> <!-- startTest -->
  <system-out>
    <![CDATA[no of rows are:::10
login sucesses:::dashboard http://orangehrm.qedgetech.com/symfony/web/index.php/dashboard
login failed:::dashboard http://orangehrm.qedgetech.com/symfony/web/index.php/auth/validateCredentials
login failed:::dashboard http://orangehrm.qedgetech.com/symfony/web/index.php/auth/validateCredentials
login failed:::dashboard http://orangehrm.qedgetech.com/symfony/web/index.php/auth/login
login sucesses:::dashboard http://orangehrm.qedgetech.com/symfony/web/index.php/dashboard
login failed:::dashboard http://orangehrm.qedgetech.com/symfony/web/index.php/auth/login
login sucesses:::dashboard http://orangehrm.qedgetech.com/symfony/web/index.php/dashboard
login failed:::dashboard http://orangehrm.qedgetech.com/symfony/web/index.php/auth/login
login failed:::dashboard http://orangehrm.qedgetech.com/symfony/web/index.php/auth/validateCredentials
login sucesses:::dashboard http://orangehrm.qedgetech.com/symfony/web/index.php/dashboard]]>
  </system-out>
</testsuite> <!-- driverfactory.driverscripts -->
